<?xml version="1.0" encoding="UTF-8"?>
<!-- Generated by org.testng.reporters.JUnitXMLReporter -->
<testsuite hostname="INDHYDEWS058" ignored="2" name="Test" tests="1" failures="1" timestamp="12 Feb 2019 09:50:19 GMT" time="0.698" errors="0">
  <testcase name="login" time="0.674" classname="com.framework.testcases.MinervaLoginPage">
    <failure type="java.lang.IllegalStateException" message="Cannot get a STRING value from a NUMERIC cell">
      <![CDATA[java.lang.IllegalStateException: Cannot get a STRING value from a NUMERIC cell
at org.apache.poi.xssf.usermodel.XSSFCell.typeMismatch(XSSFCell.java:1093)
at org.apache.poi.xssf.usermodel.XSSFCell.getRichStringCellValue(XSSFCell.java:397)
at org.apache.poi.xssf.usermodel.XSSFCell.getStringCellValue(XSSFCell.java:349)
at com.framework.testcases.MinervaLoginPage.login(MinervaLoginPage.java:54)
... Removed 25 stack frames]]>
    </failure>
  </testcase> <!-- login -->
  <testcase name="@AfterSuite tearDown" time="0.0" classname="com.framework.base.TestBase">
    <ignored/>
  </testcase> <!-- @AfterSuite tearDown -->
  <testcase name="@BeforeSuite setUp" time="0.0" classname="com.framework.base.TestBase">
    <ignored/>
  </testcase> <!-- @BeforeSuite setUp -->
</testsuite> <!-- Test -->
