<?xml version="1.0" encoding="UTF-8"?>
<!-- Generated by org.testng.reporters.JUnitXMLReporter -->
<testsuite hostname="INDHYDEWS058" ignored="2" name="LoginTest" tests="2" failures="0" timestamp="12 Feb 2019 10:56:15 GMT" time="5.572" errors="0">
  <testcase name="homePage" time="0.005" classname="com.framework.testcases.MinervaHomePage"/>
  <testcase name="login" time="2.932" classname="com.framework.testcases.MinervaLoginPage"/>
  <testcase name="@AfterSuite tearDown" time="0.0" classname="com.framework.base.TestBase">
    <ignored/>
  </testcase> <!-- @AfterSuite tearDown -->
  <testcase name="@BeforeSuite setUp" time="0.0" classname="com.framework.base.TestBase">
    <ignored/>
  </testcase> <!-- @BeforeSuite setUp -->
</testsuite> <!-- LoginTest -->
