<?xml version="1.0" encoding="UTF-8"?>
<!-- Generated by org.testng.reporters.JUnitXMLReporter -->
<testsuite hostname="INDHYDEWS058" ignored="2" name="Test" tests="2" failures="0" timestamp="13 Feb 2019 05:19:51 GMT" time="0.033" errors="0">
  <testcase name="@BeforeSuite setUp" time="0.399" classname="com.framework.base.TestBase">
    <failure type="java.lang.ClassCastException" message="org.openqa.selenium.firefox.FirefoxProfile cannot be cast to org.openqa.selenium.Capabilities">
      <![CDATA[java.lang.ClassCastException: org.openqa.selenium.firefox.FirefoxProfile cannot be cast to org.openqa.selenium.Capabilities
at com.framework.base.TestBase.setUp(TestBase.java:105)
... Removed 20 stack frames]]>
    </failure>
  </testcase> <!-- @BeforeSuite setUp -->
  <testcase name="@BeforeClass preRequist" time="0.0" classname="com.framework.base.TestBase">
    <skipped/>
  </testcase> <!-- @BeforeClass preRequist -->
  <testcase name="@BeforeClass preRequist" time="0.0" classname="com.framework.base.TestBase">
    <skipped/>
  </testcase> <!-- @BeforeClass preRequist -->
  <testcase name="login" time="0.0" classname="com.framework.testcases.MinervaLoginPage">
    <skipped/>
  </testcase> <!-- login -->
  <testcase name="homePage" time="0.0" classname="com.framework.testcases.MinervaHomePage">
    <skipped/>
  </testcase> <!-- homePage -->
  <testcase name="@AfterSuite tearDown" time="0.0" classname="com.framework.base.TestBase">
    <ignored/>
  </testcase> <!-- @AfterSuite tearDown -->
  <testcase name="@BeforeSuite setUp" time="0.0" classname="com.framework.base.TestBase">
    <ignored/>
  </testcase> <!-- @BeforeSuite setUp -->
</testsuite> <!-- Test -->
